[Sat Mar  7 21:20:02 2026] PHP 8.3.6 Development Server (http://localhost:8000) started
[Sat Mar  7 21:20:38 2026] [::1]:38666 Accepted
[Sat Mar  7 21:20:38 2026] [::1]:38666 [200]: GET /login.html
[Sat Mar  7 21:20:38 2026] [::1]:38666 Closing
[Sat Mar  7 21:20:38 2026] [::1]:38676 Accepted
[Sat Mar  7 21:20:38 2026] [::1]:38692 Accepted
[Sat Mar  7 21:20:38 2026] [::1]:38676 [200]: GET /css/toast.css
[Sat Mar  7 21:20:38 2026] [::1]:38692 [200]: GET /css/main.css
[Sat Mar  7 21:20:38 2026] [::1]:38676 Closing
[Sat Mar  7 21:20:38 2026] [::1]:38692 Closing
[Sat Mar  7 21:20:38 2026] [::1]:38708 Accepted
[Sat Mar  7 21:20:38 2026] [::1]:38724 Accepted
[Sat Mar  7 21:20:38 2026] [::1]:38708 [200]: GET /img/top_logo_light.png
[Sat Mar  7 21:20:38 2026] [::1]:38724 [200]: GET /js/toast.js
[Sat Mar  7 21:20:38 2026] [::1]:38708 Closing
[Sat Mar  7 21:20:38 2026] [::1]:38724 Closing
[Sat Mar  7 21:20:38 2026] [::1]:38730 Accepted
[Sat Mar  7 21:20:38 2026] [::1]:38732 Accepted
[Sat Mar  7 21:20:38 2026] [::1]:38746 Accepted
[Sat Mar  7 21:20:38 2026] [::1]:38756 Accepted
[Sat Mar  7 21:20:38 2026] [::1]:38730 [200]: GET /js/browser-support.js
[Sat Mar  7 21:20:38 2026] [::1]:38732 [200]: GET /js/auth.js
[Sat Mar  7 21:20:38 2026] [::1]:38746 [200]: GET /js/nav.js
[Sat Mar  7 21:20:38 2026] [::1]:38756 [200]: GET /js/cookie-banner.js
[Sat Mar  7 21:20:38 2026] [::1]:38730 Closing
[Sat Mar  7 21:20:38 2026] [::1]:38732 Closing
[Sat Mar  7 21:20:38 2026] [::1]:38746 Closing
[Sat Mar  7 21:20:38 2026] [::1]:38756 Closing
[Sat Mar  7 21:20:38 2026] [::1]:53082 Accepted
[Sat Mar  7 21:20:38 2026] PHP Warning:  require_once(../db/db_config.php): Failed to open stream: No such file or directory in /app/api/check_session.php on line 5
[Sat Mar  7 21:20:38 2026] PHP Fatal error:  Uncaught Error: Failed opening required '../db/db_config.php' (include_path='.:/usr/share/php') in /app/api/check_session.php:5
Stack trace:
#0 {main}
  thrown in /app/api/check_session.php on line 5
[Sat Mar  7 21:20:38 2026] [::1]:53082 [500]: GET /api/check_session.php - Uncaught Error: Failed opening required '../db/db_config.php' (include_path='.:/usr/share/php') in /app/api/check_session.php:5
Stack trace:
#0 {main}
  thrown in /app/api/check_session.php on line 5
[Sat Mar  7 21:20:38 2026] [::1]:53082 Closing
[Sat Mar  7 21:21:31 2026] [::1]:55700 Accepted
[Sat Mar  7 21:21:31 2026] [::1]:55700 [200]: GET /login.html
[Sat Mar  7 21:21:31 2026] [::1]:55700 Closing
[Sat Mar  7 21:21:31 2026] [::1]:55704 Accepted
[Sat Mar  7 21:21:31 2026] [::1]:55710 Accepted
[Sat Mar  7 21:21:31 2026] [::1]:55724 Accepted
[Sat Mar  7 21:21:31 2026] [::1]:55738 Accepted
[Sat Mar  7 21:21:31 2026] [::1]:55746 Accepted
[Sat Mar  7 21:21:31 2026] [::1]:55748 Accepted
[Sat Mar  7 21:21:31 2026] [::1]:55704 [200]: GET /css/toast.css
[Sat Mar  7 21:21:31 2026] [::1]:55704 Closing
[Sat Mar  7 21:21:31 2026] [::1]:55710 [200]: GET /css/main.css
[Sat Mar  7 21:21:31 2026] [::1]:55710 Closing
[Sat Mar  7 21:21:31 2026] [::1]:55756 Accepted
[Sat Mar  7 21:21:31 2026] [::1]:55760 Accepted
[Sat Mar  7 21:21:31 2026] [::1]:55724 [200]: GET /img/top_logo_light.png
[Sat Mar  7 21:21:31 2026] [::1]:55738 [200]: GET /js/toast.js
[Sat Mar  7 21:21:31 2026] [::1]:55746 [200]: GET /js/browser-support.js
[Sat Mar  7 21:21:31 2026] [::1]:55738 Closing
[Sat Mar  7 21:21:31 2026] [::1]:55748 [200]: GET /js/auth.js
[Sat Mar  7 21:21:31 2026] [::1]:55724 Closing
[Sat Mar  7 21:21:31 2026] [::1]:55746 Closing
[Sat Mar  7 21:21:31 2026] [::1]:55748 Closing
[Sat Mar  7 21:21:31 2026] [::1]:55756 [200]: GET /js/nav.js
[Sat Mar  7 21:21:31 2026] [::1]:55760 [200]: GET /js/cookie-banner.js
[Sat Mar  7 21:21:31 2026] [::1]:55756 Closing
[Sat Mar  7 21:21:31 2026] [::1]:55760 Closing
[Sat Mar  7 21:21:31 2026] [::1]:55762 Accepted
[Sat Mar  7 21:21:31 2026] PHP Warning:  require_once(../db/db_config.php): Failed to open stream: No such file or directory in /app/api/check_session.php on line 5
[Sat Mar  7 21:21:31 2026] PHP Fatal error:  Uncaught Error: Failed opening required '../db/db_config.php' (include_path='.:/usr/share/php') in /app/api/check_session.php:5
Stack trace:
#0 {main}
  thrown in /app/api/check_session.php on line 5
[Sat Mar  7 21:21:31 2026] [::1]:55762 [500]: GET /api/check_session.php - Uncaught Error: Failed opening required '../db/db_config.php' (include_path='.:/usr/share/php') in /app/api/check_session.php:5
Stack trace:
#0 {main}
  thrown in /app/api/check_session.php on line 5
[Sat Mar  7 21:21:31 2026] [::1]:55762 Closing
[Sat Mar  7 21:21:31 2026] [::1]:55768 Accepted
[Sat Mar  7 21:21:31 2026] [::1]:55768 [200]: GET /login.html?mode=register
[Sat Mar  7 21:21:31 2026] [::1]:55768 Closing
[Sat Mar  7 21:21:31 2026] [::1]:55772 Accepted
[Sat Mar  7 21:21:31 2026] [::1]:55788 Accepted
[Sat Mar  7 21:21:31 2026] [::1]:55804 Accepted
[Sat Mar  7 21:21:31 2026] [::1]:55806 Accepted
[Sat Mar  7 21:21:31 2026] [::1]:55772 [200]: GET /css/toast.css
[Sat Mar  7 21:21:31 2026] [::1]:55788 [200]: GET /css/main.css
[Sat Mar  7 21:21:31 2026] [::1]:55772 Closing
[Sat Mar  7 21:21:31 2026] [::1]:55804 [200]: GET /img/top_logo_light.png
[Sat Mar  7 21:21:31 2026] [::1]:55788 Closing
[Sat Mar  7 21:21:31 2026] [::1]:55804 Closing
[Sat Mar  7 21:21:31 2026] [::1]:55806 [200]: GET /js/toast.js
[Sat Mar  7 21:21:31 2026] [::1]:55806 Closing
[Sat Mar  7 21:21:31 2026] [::1]:55812 Accepted
[Sat Mar  7 21:21:31 2026] [::1]:55816 Accepted
[Sat Mar  7 21:21:31 2026] [::1]:55820 Accepted
[Sat Mar  7 21:21:31 2026] [::1]:55834 Accepted
[Sat Mar  7 21:21:31 2026] [::1]:55812 [200]: GET /js/browser-support.js
[Sat Mar  7 21:21:31 2026] [::1]:55816 [200]: GET /js/auth.js
[Sat Mar  7 21:21:31 2026] [::1]:55820 [200]: GET /js/nav.js
[Sat Mar  7 21:21:31 2026] [::1]:55812 Closing
[Sat Mar  7 21:21:31 2026] [::1]:55816 Closing
[Sat Mar  7 21:21:31 2026] [::1]:55820 Closing
[Sat Mar  7 21:21:31 2026] [::1]:55834 [200]: GET /js/cookie-banner.js
[Sat Mar  7 21:21:31 2026] [::1]:55834 Closing
[Sat Mar  7 21:21:31 2026] [::1]:55840 Accepted
[Sat Mar  7 21:21:31 2026] PHP Warning:  require_once(../db/db_config.php): Failed to open stream: No such file or directory in /app/api/check_session.php on line 5
[Sat Mar  7 21:21:31 2026] PHP Fatal error:  Uncaught Error: Failed opening required '../db/db_config.php' (include_path='.:/usr/share/php') in /app/api/check_session.php:5
Stack trace:
#0 {main}
  thrown in /app/api/check_session.php on line 5
[Sat Mar  7 21:21:31 2026] [::1]:55840 [500]: GET /api/check_session.php - Uncaught Error: Failed opening required '../db/db_config.php' (include_path='.:/usr/share/php') in /app/api/check_session.php:5
Stack trace:
#0 {main}
  thrown in /app/api/check_session.php on line 5
[Sat Mar  7 21:21:31 2026] [::1]:55840 Closing
[Sat Mar  7 21:21:34 2026] [::1]:55850 Accepted
[Sat Mar  7 21:21:34 2026] [::1]:55850 [200]: GET /register.html
[Sat Mar  7 21:21:34 2026] [::1]:55850 Closing
[Sat Mar  7 21:21:34 2026] [::1]:55866 Accepted
[Sat Mar  7 21:21:34 2026] [::1]:55866 [200]: GET /login.html?mode=register
[Sat Mar  7 21:21:34 2026] [::1]:55866 Closing
[Sat Mar  7 21:21:34 2026] [::1]:55872 Accepted
[Sat Mar  7 21:21:34 2026] [::1]:55872 [200]: GET /css/toast.css
[Sat Mar  7 21:21:34 2026] [::1]:55872 Closing
[Sat Mar  7 21:21:34 2026] [::1]:55886 Accepted
[Sat Mar  7 21:21:34 2026] [::1]:55902 Accepted
[Sat Mar  7 21:21:34 2026] [::1]:55916 Accepted
[Sat Mar  7 21:21:34 2026] [::1]:55886 [200]: GET /css/main.css
[Sat Mar  7 21:21:34 2026] [::1]:55902 [200]: GET /img/top_logo_light.png
[Sat Mar  7 21:21:34 2026] [::1]:55916 [200]: GET /js/toast.js
[Sat Mar  7 21:21:34 2026] [::1]:55886 Closing
[Sat Mar  7 21:21:34 2026] [::1]:55916 Closing
[Sat Mar  7 21:21:34 2026] [::1]:55902 Closing
[Sat Mar  7 21:21:34 2026] [::1]:55932 Accepted
[Sat Mar  7 21:21:34 2026] [::1]:55944 Accepted
[Sat Mar  7 21:21:34 2026] [::1]:55958 Accepted
[Sat Mar  7 21:21:34 2026] [::1]:55968 Accepted
[Sat Mar  7 21:21:34 2026] [::1]:55932 [200]: GET /js/browser-support.js
[Sat Mar  7 21:21:34 2026] [::1]:55932 Closing
[Sat Mar  7 21:21:34 2026] [::1]:55944 [200]: GET /js/auth.js
[Sat Mar  7 21:21:34 2026] [::1]:55958 [200]: GET /js/nav.js
[Sat Mar  7 21:21:34 2026] [::1]:55944 Closing
[Sat Mar  7 21:21:34 2026] [::1]:55958 Closing
[Sat Mar  7 21:21:34 2026] [::1]:55968 [200]: GET /js/cookie-banner.js
[Sat Mar  7 21:21:34 2026] [::1]:55968 Closing
[Sat Mar  7 21:21:34 2026] [::1]:55972 Accepted
[Sat Mar  7 21:21:34 2026] PHP Warning:  require_once(../db/db_config.php): Failed to open stream: No such file or directory in /app/api/check_session.php on line 5
[Sat Mar  7 21:21:34 2026] PHP Fatal error:  Uncaught Error: Failed opening required '../db/db_config.php' (include_path='.:/usr/share/php') in /app/api/check_session.php:5
Stack trace:
#0 {main}
  thrown in /app/api/check_session.php on line 5
[Sat Mar  7 21:21:34 2026] [::1]:55972 [500]: GET /api/check_session.php - Uncaught Error: Failed opening required '../db/db_config.php' (include_path='.:/usr/share/php') in /app/api/check_session.php:5
Stack trace:
#0 {main}
  thrown in /app/api/check_session.php on line 5
[Sat Mar  7 21:21:34 2026] [::1]:55972 Closing
[Sat Mar  7 21:21:58 2026] [::1]:48026 Accepted
[Sat Mar  7 21:21:58 2026] [::1]:48026 [200]: GET /login.html
[Sat Mar  7 21:21:58 2026] [::1]:48026 Closing
[Sat Mar  7 21:21:58 2026] [::1]:48042 Accepted
[Sat Mar  7 21:21:58 2026] [::1]:48042 [200]: GET /css/toast.css
[Sat Mar  7 21:21:58 2026] [::1]:48042 Closing
[Sat Mar  7 21:21:58 2026] [::1]:48052 Accepted
[Sat Mar  7 21:21:58 2026] [::1]:48064 Accepted
[Sat Mar  7 21:21:58 2026] [::1]:48068 Accepted
[Sat Mar  7 21:21:58 2026] [::1]:48052 [200]: GET /css/main.css
[Sat Mar  7 21:21:58 2026] [::1]:48052 Closing
[Sat Mar  7 21:21:58 2026] [::1]:48064 [200]: GET /img/top_logo_light.png
[Sat Mar  7 21:21:58 2026] [::1]:48064 Closing
[Sat Mar  7 21:21:58 2026] [::1]:48072 Accepted
[Sat Mar  7 21:21:58 2026] [::1]:48084 Accepted
[Sat Mar  7 21:21:58 2026] [::1]:48086 Accepted
[Sat Mar  7 21:21:58 2026] [::1]:48068 [200]: GET /js/toast.js
[Sat Mar  7 21:21:58 2026] [::1]:48068 Closing
[Sat Mar  7 21:21:58 2026] [::1]:48088 Accepted
[Sat Mar  7 21:21:58 2026] [::1]:48072 [200]: GET /js/browser-support.js
[Sat Mar  7 21:21:58 2026] [::1]:48072 Closing
[Sat Mar  7 21:21:58 2026] [::1]:48084 [200]: GET /js/auth.js
[Sat Mar  7 21:21:58 2026] [::1]:48084 Closing
[Sat Mar  7 21:21:58 2026] [::1]:48086 [200]: GET /js/nav.js
[Sat Mar  7 21:21:58 2026] [::1]:48086 Closing
[Sat Mar  7 21:21:58 2026] [::1]:48088 [200]: GET /js/cookie-banner.js
[Sat Mar  7 21:21:58 2026] [::1]:48088 Closing
[Sat Mar  7 21:21:58 2026] [::1]:48092 Accepted
[Sat Mar  7 21:21:58 2026] PHP Warning:  require_once(../db/db_config.php): Failed to open stream: No such file or directory in /app/api/check_session.php on line 5
[Sat Mar  7 21:21:58 2026] PHP Fatal error:  Uncaught Error: Failed opening required '../db/db_config.php' (include_path='.:/usr/share/php') in /app/api/check_session.php:5
Stack trace:
#0 {main}
  thrown in /app/api/check_session.php on line 5
[Sat Mar  7 21:21:58 2026] [::1]:48092 [500]: GET /api/check_session.php - Uncaught Error: Failed opening required '../db/db_config.php' (include_path='.:/usr/share/php') in /app/api/check_session.php:5
Stack trace:
#0 {main}
  thrown in /app/api/check_session.php on line 5
[Sat Mar  7 21:21:58 2026] [::1]:48092 Closing
