[2025-08-03 23:11:49] --- check_session.php ---
[2025-08-03 23:11:49] Array
(
    [user_id] => 1
    [first_name] => Eben
    [role] => admin
    [subscription_status] => active
)

[2025-08-03 23:25:03] --- check_session.php ---
[2025-08-03 23:25:03] Array
(
    [user_id] => 1
    [first_name] => Eben
    [role] => admin
    [subscription_status] => active
)

[2025-08-03 23:27:21] --- check_session.php ---
[2025-08-03 23:27:21] Array
(
)

[2025-08-03 23:44:12] --- check_session.php ---
[2025-08-03 23:44:12] Array
(
)

[2025-08-03 23:53:28] --- check_session.php ---
[2025-08-03 23:53:28] Array
(
)

[2025-08-04 03:37:22] --- check_session.php ---
[2025-08-04 03:37:22] Array
(
)

[2025-08-04 08:08:45] --- check_session.php ---
[2025-08-04 08:08:45] Array
(
    [user_id] => 1
    [first_name] => Eben
    [role] => admin
    [subscription_status] => active
)

[2025-08-04 08:20:03] --- check_session.php ---
[2025-08-04 08:20:03] Array
(
    [user_id] => 1
    [first_name] => Eben
    [role] => admin
    [subscription_status] => active
)

[2025-08-04 08:26:26] --- check_session.php ---
[2025-08-04 08:26:26] Array
(
    [user_id] => 1
    [first_name] => Eben
    [role] => admin
    [subscription_status] => active
)

[2025-08-04 08:58:35] --- check_session.php ---
[2025-08-04 08:58:35] Array
(
)

[2025-08-04 08:58:41] --- check_session.php ---
[2025-08-04 08:58:41] Array
(
)

[2025-08-04 10:59:23] --- check_session.php ---
[2025-08-04 10:59:23] Array
(
)

[2025-08-04 11:46:26] --- check_session.php ---
[2025-08-04 11:46:26] Array
(
)

[2025-08-04 11:46:33] --- check_session.php ---
[2025-08-04 11:46:33] Array
(
)

[2025-08-04 12:51:58] --- check_session.php ---
[2025-08-04 12:51:58] Array
(
)

[2025-08-04 13:31:11] --- check_session.php ---
[2025-08-04 13:31:11] Array
(
)

[2025-08-04 14:51:48] --- check_session.php ---
[2025-08-04 14:51:48] Array
(
)

[2025-08-04 18:17:59] --- check_session.php ---
[2025-08-04 18:17:59] Array
(
    [user_id] => 1
    [first_name] => Eben
    [role] => admin
    [subscription_status] => active
)

[2025-08-04 18:18:06] --- check_session.php ---
[2025-08-04 18:18:06] Array
(
    [user_id] => 1
    [first_name] => Eben
    [role] => admin
    [subscription_status] => active
)

[2025-08-04 21:02:55] --- check_session.php ---
[2025-08-04 21:02:55] Array
(
)

[2025-08-04 23:43:51] --- check_session.php ---
[2025-08-04 23:43:51] Array
(
)

[2025-08-05 00:09:43] --- check_session.php ---
[2025-08-05 00:09:43] Array
(
)

[2025-08-05 00:12:44] --- check_session.php ---
[2025-08-05 00:12:44] Array
(
)

[2025-08-05 00:13:18] --- check_session.php ---
[2025-08-05 00:13:18] Array
(
)

[2025-08-05 01:35:52] --- check_session.php ---
[2025-08-05 01:35:52] Array
(
)

[2025-08-05 08:16:13] --- check_session.php ---
[2025-08-05 08:16:13] Array
(
)

[2025-08-05 08:16:44] Login Error: Missing email or password.
[2025-08-05 08:17:04] Login Error: Missing email or password.
[2025-08-05 08:17:17] Login Error: Missing email or password.
[2025-08-05 08:17:44] Login Error: Missing email or password.
[2025-08-05 08:18:15] Login Error: Missing email or password.
[2025-08-05 08:18:27] --- check_session.php ---
[2025-08-05 08:18:27] Array
(
)

[2025-08-05 08:18:38] Login Error: Invalid email or password.
[2025-08-05 08:18:47] Login successful. Session data set for user: sbmail246@gmail.com
[2025-08-05 08:18:47] Array
(
    [user_id] => 1
    [first_name] => Eben
    [role] => admin
    [subscription_status] => active
)

[2025-08-05 08:18:49] --- check_session.php ---
[2025-08-05 08:18:49] Array
(
    [user_id] => 1
    [first_name] => Eben
    [role] => admin
    [subscription_status] => active
)

[2025-08-05 08:18:52] --- check_session.php ---
[2025-08-05 08:18:52] Array
(
    [user_id] => 1
    [first_name] => Eben
    [role] => admin
    [subscription_status] => active
)

[2025-08-05 08:19:33] Login Error: Missing email or password.
[2025-08-05 08:19:48] --- check_session.php ---
[2025-08-05 08:19:48] Array
(
)

[2025-08-05 08:20:09] Login successful. Session data set for user: ebenvanellewee@gmail.com
[2025-08-05 08:20:09] Array
(
    [user_id] => 2
    [first_name] => Eben
    [role] => user
    [subscription_status] => active
)

[2025-08-05 08:20:11] --- check_session.php ---
[2025-08-05 08:20:11] Array
(
    [user_id] => 2
    [first_name] => Eben
    [role] => user
    [subscription_status] => active
)

[2025-08-05 08:20:22] --- check_session.php ---
[2025-08-05 08:20:22] Array
(
    [user_id] => 2
    [first_name] => Eben
    [role] => user
    [subscription_status] => active
)

[2025-08-05 12:44:56] --- check_session.php ---
[2025-08-05 12:44:56] Array
(
)

[2025-08-05 12:55:34] --- check_session.php ---
[2025-08-05 12:55:34] Array
(
)

[2025-08-05 13:50:35] --- check_session.php ---
[2025-08-05 13:50:35] Array
(
    [user_id] => 2
    [first_name] => Eben
    [role] => user
    [subscription_status] => active
)

[2025-08-05 15:22:52] --- check_session.php ---
[2025-08-05 15:22:52] Array
(
    [user_id] => 2
    [first_name] => Eben
    [role] => user
    [subscription_status] => active
)

[2025-08-05 15:22:59] --- check_session.php ---
[2025-08-05 15:22:59] Array
(
    [user_id] => 2
    [first_name] => Eben
    [role] => user
    [subscription_status] => active
)

[2025-08-05 15:23:07] --- check_session.php ---
[2025-08-05 15:23:07] Array
(
    [user_id] => 2
    [first_name] => Eben
    [role] => user
    [subscription_status] => active
)

[2025-08-05 15:24:06] --- check_session.php ---
[2025-08-05 15:24:06] Array
(
    [user_id] => 2
    [first_name] => Eben
    [role] => user
    [subscription_status] => active
)

[2025-08-05 17:57:06] --- check_session.php ---
[2025-08-05 17:57:06] Array
(
)

[2025-08-05 18:49:48] --- check_session.php ---
[2025-08-05 18:49:48] Array
(
    [user_id] => 1
    [first_name] => Eben
    [role] => admin
    [subscription_status] => active
)

[2025-08-05 18:52:14] --- check_session.php ---
[2025-08-05 18:52:14] Array
(
)

[2025-08-05 18:52:26] Login successful. Session data set for user: ebenvanellewee@gmail.com
[2025-08-05 18:52:26] Array
(
    [user_id] => 2
    [first_name] => Eben
    [role] => user
    [subscription_status] => active
)

[2025-08-05 18:52:28] --- check_session.php ---
[2025-08-05 18:52:28] Array
(
    [user_id] => 2
    [first_name] => Eben
    [role] => user
    [subscription_status] => active
)

[2025-08-05 18:52:53] --- check_session.php ---
[2025-08-05 18:52:53] Array
(
    [user_id] => 2
    [first_name] => Eben
    [role] => user
    [subscription_status] => active
)

[2025-08-05 19:27:22] --- check_session.php ---
[2025-08-05 19:27:22] Array
(
    [user_id] => 2
    [first_name] => Eben
    [role] => user
    [subscription_status] => active
)

[2025-08-05 19:27:39] --- check_session.php ---
[2025-08-05 19:27:39] Array
(
    [user_id] => 2
    [first_name] => Eben
    [role] => user
    [subscription_status] => active
)

[2025-08-05 23:54:51] --- check_session.php ---
[2025-08-05 23:54:51] Array
(
)

[2025-08-06 01:15:12] --- check_session.php ---
[2025-08-06 01:15:12] Array
(
)

[2025-08-06 01:15:48] --- check_session.php ---
[2025-08-06 01:15:48] Array
(
)

[2025-08-06 01:19:36] --- check_session.php ---
[2025-08-06 01:19:36] Array
(
)

[2025-08-06 14:02:17] --- check_session.php ---
[2025-08-06 14:02:17] Array
(
)

[2025-08-07 09:52:11] --- check_session.php ---
[2025-08-07 09:52:11] Array
(
    [user_id] => 2
    [first_name] => Eben
    [role] => user
    [subscription_status] => active
)

[2025-08-07 09:52:24] --- check_session.php ---
[2025-08-07 09:52:24] Array
(
    [user_id] => 2
    [first_name] => Eben
    [role] => user
    [subscription_status] => active
)

[2025-08-07 09:55:10] --- check_session.php ---
[2025-08-07 09:55:10] Array
(
    [user_id] => 2
    [first_name] => Eben
    [role] => user
    [subscription_status] => active
)

[2025-08-07 10:12:37] --- check_session.php ---
[2025-08-07 10:12:37] Array
(
    [user_id] => 2
    [first_name] => Eben
    [role] => user
    [subscription_status] => active
)

[2025-08-07 10:20:28] --- check_session.php ---
[2025-08-07 10:20:28] Array
(
    [user_id] => 2
    [first_name] => Eben
    [role] => user
    [subscription_status] => active
)

[2025-08-07 10:48:26] --- check_session.php ---
[2025-08-07 10:48:26] Array
(
    [user_id] => 2
    [first_name] => Eben
    [role] => user
    [subscription_status] => active
)

